Start testing: Jun 04 23:43 RTZ 2 (зима)
----------------------------------------------------------
Test not available without configuration.  (Missing "-C <config>"?)
1/1 Testing: VTL_tests_audio_Run
1/1 Test: VTL_tests_audio_Run
Command: "NOT_AVAILABLE"
Directory: C:/Users/kl3wd/OneDrive/Р Р°Р±РѕС‡РёР№ СЃС‚РѕР»/VTL_Tim_build/build/vtl_tests/audio
"VTL_tests_audio_Run" start time: 
Output:
----------------------------------------------------------
<end of output>
Test time =   0.00 sec
----------------------------------------------------------
Test Passed.
"VTL_tests_audio_Run" end time: Jun 04 23:43 RTZ 2 (зима)
"VTL_tests_audio_Run" time elapsed: 00:00:00
----------------------------------------------------------

End testing: Jun 04 23:43 RTZ 2 (зима)
